Array
(
    [MIBDIRS] => C:/xampp/php/extras/mibs
    [MYSQL_HOME] => \xampp\mysql\bin
    [OPENSSL_CONF] => C:/xampp/apache/bin/openssl.cnf
    [PHP_PEAR_SYSCONF_DIR] => \xampp\php
    [PHPRC] => \xampp\php
    [TMP] => \xampp\tmp
    [CONTENT_TYPE] => application/json
    [HTTP_USER_AGENT] => PostmanRuntime/7.43.3
    [HTTP_ACCEPT] => */*
    [HTTP_CACHE_CONTROL] => no-cache
    [HTTP_POSTMAN_TOKEN] => 7e08a36c-f8af-483f-b929-09587ed6c770
    [HTTP_HOST] => 192.168.0.100
    [HTTP_ACCEPT_ENCODING] => gzip, deflate, br
    [HTTP_CONNECTION] => keep-alive
    [CONTENT_LENGTH] => 42
    [PATH] => C:\Program Files\Common Files\Oracle\Java\javapath;C:\Windows\system32;C:\Windows;C:\Windows\System32\Wbem;C:\Windows\System32\WindowsPowerShell\v1.0\;C:\Windows\System32\OpenSSH\;C:\Program Files\Microsoft SQL Server\150\Tools\Binn\;C:\Program Files\Microsoft SQL Server\Client SDK\ODBC\170\Tools\Binn\;C:\Program Files (x86)\Microsoft SQL Server\160\DTS\Binn\;C:\Program Files\Azure Data Studio\bin;C:\Program Files (x86)\Microsoft SQL Server\160\Tools\Binn\;C:\Program Files\Microsoft SQL Server\160\Tools\Binn\;C:\Program Files\Microsoft SQL Server\160\DTS\Binn\;C:\ProgramData\chocolatey\bin;E:\Android\Sdk;C:\Program Files\dotnet\;C:\Program Files\Git\cmd;C:\Program Files\Microsoft VS Code\bin;C:\Program Files\nodejs\;C:\xampp\php;C:\ProgramData\ComposerSetup\bin;E:\Android\Sdk\platform-tools;C:\Users\Quoc Tri\AppData\Local\Programs\Python\Python313\Scripts\;C:\Users\Quoc Tri\AppData\Local\Programs\Python\Python313\;C:\Program Files\MySQL\MySQL Shell 8.0\bin\;C:\Users\Quoc Tri\AppData\Local\Microsoft\WindowsApps;E:\Microsoft VS Code\bin;C:\Users\Quoc Tri\.dotnet\tools;C:\Users\Quoc Tri\AppData\Local\GitHubDesktop\bin;C:\Users\Quoc Tri\AppData\Local\Programs\Python\Python312\;C:\Users\Quoc Tri\AppData\Local\Programs\Python\Python312\Scripts\;C:\Users\Quoc Tri\AppData\Roaming\npm;C:\Users\Quoc Tri\AppData\Roaming\Composer\vendor\bin;E:\Android\Sdk\platform-tools;C:\Windows\system32\config\systemprofile\AppData\Local\Microsoft\WindowsApps
    [SystemRoot] => C:\Windows
    [COMSPEC] => C:\Windows\system32\cmd.exe
    [PATHEXT] => .COM;.EXE;.BAT;.CMD;.VBS;.VBE;.JS;.JSE;.WSF;.WSH;.MSC
    [WINDIR] => C:\Windows
    [SERVER_SIGNATURE] => <address>Apache/2.4.58 (Win64) OpenSSL/3.1.3 PHP/8.2.12 Server at 192.168.0.100 Port 80</address>

    [SERVER_SOFTWARE] => Apache/2.4.58 (Win64) OpenSSL/3.1.3 PHP/8.2.12
    [SERVER_NAME] => 192.168.0.100
    [SERVER_ADDR] => 192.168.0.100
    [SERVER_PORT] => 80
    [REMOTE_ADDR] => 192.168.0.100
    [DOCUMENT_ROOT] => C:/xampp/htdocs
    [REQUEST_SCHEME] => http
    [CONTEXT_PREFIX] => 
    [CONTEXT_DOCUMENT_ROOT] => C:/xampp/htdocs
    [SERVER_ADMIN] => postmaster@localhost
    [SCRIPT_FILENAME] => C:/xampp/htdocs/api_datn/API_User/Payment/vnpay_create_payment.php
    [REMOTE_PORT] => 51206
    [GATEWAY_INTERFACE] => CGI/1.1
    [SERVER_PROTOCOL] => HTTP/1.1
    [REQUEST_METHOD] => POST
    [QUERY_STRING] => 
    [REQUEST_URI] => /API_DATN/API_User/Payment/vnpay_create_payment.php
    [SCRIPT_NAME] => /API_DATN/API_User/Payment/vnpay_create_payment.php
    [PHP_SELF] => /API_DATN/API_User/Payment/vnpay_create_payment.php
    [REQUEST_TIME_FLOAT] => 1744223873.1051
    [REQUEST_TIME] => 1744223873
)
